=================================================
Project : closure_115	start : 20/02/27 17:14
Current failed test : com.google.javascript.jscomp.InlineFunctionsTest::testInlineFunctions23 | 20/02/27 17:15
Thu Feb 27 17:16:38 CET 2020 com.google.javascript.rhino.Node,1430
Thu Feb 27 17:16:39 CET 2020 com.google.javascript.rhino.Node,1446
Thu Feb 27 17:16:40 CET 2020 com.google.javascript.rhino.Node,1459
Thu Feb 27 17:16:42 CET 2020 Thu Feb 27 17:16:42 CET 2020 : com.google.javascript.rhino.Node,2194=>Find no block
Thu Feb 27 17:16:42 CET 2020 com.google.javascript.rhino.Node,2195
Thu Feb 27 17:16:43 CET 2020 com.google.javascript.rhino.Node,2196
Thu Feb 27 17:16:43 CET 2020 Thu Feb 27 17:16:43 CET 2020 : com.google.javascript.rhino.Node,2197=>Find no block
Thu Feb 27 17:16:43 CET 2020 com.google.javascript.jscomp.FunctionInjector,731

----------------------------------------
----------------------------------------
Pass Single Test : [=>0,0]
if(cArg==null&&NodeUtil.canBeSideEffected(cArg)){
return CanInlineResult.NO;
}

Time : 20/02/27 17:17
----------------------------------------

----------------------------------------
----------------------------------------
Similar code block : 1.1694744451420718 : [/home/florian/reproduce//closure/closure_115_buggy/src/com/google/javascript/jscomp/FunctionInjector.java=>0,0]
if(NodeUtil.isFunctionObjectCall(callNode)){
if(cArg==null||!cArg.isThis()){
return CanInlineResult.NO;
}
cArg=cArg.getNext();
}else {
Preconditions.checkState(!NodeUtil.isFunctionObjectApply(callNode));
}

Time : 20/02/27 17:18
----------------------------------------

----------------------------------------
----------------------------------------
Original source code : [/home/florian/reproduce//closure/closure_115_buggy/src/com/google/javascript/jscomp/FunctionInjector.java=>730,732]
if(hasSideEffects&&NodeUtil.canBeSideEffected(cArg)){
return CanInlineResult.NO;
}

Time : 20/02/27 17:18
----------------------------------------

----------------------------------------
----------------------------------------
Find a patch : [/home/florian/reproduce//closure/closure_115_buggy/src/com/google/javascript/jscomp/FunctionInjector.java=>730,732]
if(cArg==null&&NodeUtil.canBeSideEffected(cArg)){
return CanInlineResult.NO;
}

Time : 20/02/27 17:18
----------------------------------------
Success time : 20/02/27 17:18
Current failed test : com.google.javascript.jscomp.InlineFunctionsTest::testInlineFunctions22 | 20/02/27 17:18
Already fixed : com.google.javascript.jscomp.InlineFunctionsTest::testInlineFunctions22
Current failed test : com.google.javascript.jscomp.InlineFunctionsTest::testInlineFunctions6 | 20/02/27 17:18
Already fixed : com.google.javascript.jscomp.InlineFunctionsTest::testInlineFunctions6
Current failed test : com.google.javascript.jscomp.InlineFunctionsTest::testNoInlineIfParametersModified9 | 20/02/27 17:18
Already fixed : com.google.javascript.jscomp.InlineFunctionsTest::testNoInlineIfParametersModified9
Current failed test : com.google.javascript.jscomp.InlineFunctionsTest::testBug4944818 | 20/02/27 17:18
Already fixed : com.google.javascript.jscomp.InlineFunctionsTest::testBug4944818
Current failed test : com.google.javascript.jscomp.InlineFunctionsTest::testNoInlineIfParametersModified8 | 20/02/27 17:18
Already fixed : com.google.javascript.jscomp.InlineFunctionsTest::testNoInlineIfParametersModified8
Current failed test : com.google.javascript.jscomp.InlineFunctionsTest::testDoubleInlining1 | 20/02/27 17:18
Already fixed : com.google.javascript.jscomp.InlineFunctionsTest::testDoubleInlining1
