=================================================
Project : closure_57	start : 20/02/27 17:18
Current failed test : com.google.javascript.jscomp.ClosureCodingConventionTest::testRequire | 20/02/27 17:18
Thu Feb 27 17:24:19 CET 2020 com.google.javascript.jscomp.ClosureCodingConvention,185
Thu Feb 27 17:25:39 CET 2020 com.google.javascript.jscomp.ClosureCodingConvention,192

----------------------------------------
----------------------------------------
Pass Single Test : [=>0,0]
if(target!=null&&target.getType()==Token.STRING){
className=target.getString();
}

Time : 20/02/27 17:26
----------------------------------------

----------------------------------------
----------------------------------------
Similar code block : 1.4285714285714286 : [/home/florian/reproduce//closure/closure_57_buggy/src/com/google/javascript/jscomp/ClosureCodingConvention.java=>0,0]
if(last!=null&&last.getType()==Token.STRING){
String propName=last.getString();
return (propName.equals(methodName));
}

Time : 20/02/27 17:27
----------------------------------------

----------------------------------------
----------------------------------------
Original source code : [/home/florian/reproduce//closure/closure_57_buggy/src/com/google/javascript/jscomp/ClosureCodingConvention.java=>197,199]
if(target!=null){
className=target.getString();
}

Time : 20/02/27 17:27
----------------------------------------

----------------------------------------
----------------------------------------
Find a patch : [/home/florian/reproduce//closure/closure_57_buggy/src/com/google/javascript/jscomp/ClosureCodingConvention.java=>197,199]
if(target!=null&&target.getType()==Token.STRING){
className=target.getString();
}

Time : 20/02/27 17:27
----------------------------------------
Success time : 20/02/27 17:27
