=================================================
Project : closure_62	start : 20/02/27 18:25
Current failed test : com.google.javascript.jscomp.LightweightMessageFormatterTest::testFormatErrorSpaceEndOfLine1 | 20/02/27 18:25
Thu Feb 27 18:28:45 CET 2020 com.google.javascript.jscomp.LightweightMessageFormatter,90
Thu Feb 27 18:37:10 CET 2020 com.google.javascript.jscomp.LightweightMessageFormatter,91
Thu Feb 27 18:37:10 CET 2020 com.google.javascript.jscomp.LightweightMessageFormatter,92

----------------------------------------
----------------------------------------
Pass Single Test : [=>0,0]
if(excerpt.equals(LINE)&&0<=charno&&charno<=sourceExcerpt.length()){
for(int i=0;i<charno;i++){
char c=sourceExcerpt.charAt(i);
if(Character.isWhitespace(c)){
b.append(c);
}else {
b.append(' ');
}
}
b.append("^\n");
}

Time : 20/02/27 19:18
----------------------------------------

----------------------------------------
----------------------------------------
Similar code block : 2.9715598018508236 : [/home/florian/reproduce//closure/closure_62_buggy/src/com/google/javascript/jscomp/LightweightMessageFormatter.java=>0,0]
String details=details();
if(sourceName==null||lineNumber<=0){
return details;
}
StringBuilder buf=new StringBuilder(details);
buf.append(" (");
if(sourceName!=null){
buf.append(sourceName);
}
if(lineNumber>0){
buf.append('#');
buf.append(lineNumber);
}
buf.append(')');
return buf.toString();

Time : 20/02/27 19:19
----------------------------------------

----------------------------------------
----------------------------------------
Original source code : [/home/florian/reproduce//closure/closure_62_buggy/src/com/google/javascript/jscomp/LightweightMessageFormatter.java=>97,108]
if(excerpt.equals(LINE)&&0<=charno&&charno<sourceExcerpt.length()){
for(int i=0;i<charno;i++){
char c=sourceExcerpt.charAt(i);
if(Character.isWhitespace(c)){
b.append(c);
}else {
b.append(' ');
}
}
b.append("^\n");
}

Time : 20/02/27 19:19
----------------------------------------

----------------------------------------
----------------------------------------
Find a patch : [/home/florian/reproduce//closure/closure_62_buggy/src/com/google/javascript/jscomp/LightweightMessageFormatter.java=>97,108]
if(excerpt.equals(LINE)&&0<=charno&&charno<=sourceExcerpt.length()){
for(int i=0;i<charno;i++){
char c=sourceExcerpt.charAt(i);
if(Character.isWhitespace(c)){
b.append(c);
}else {
b.append(' ');
}
}
b.append("^\n");
}

Time : 20/02/27 19:19
----------------------------------------
Success time : 20/02/27 19:19
