=================================================
Project : closure_73	start : 20/02/27 18:20
Current failed test : com.google.javascript.jscomp.CodePrinterTest::testUnicode | 20/02/27 18:20
Thu Feb 27 18:24:37 CET 2020 com.google.javascript.jscomp.CodeGenerator,1051

----------------------------------------
----------------------------------------
Pass Single Test : [=>0,0]
if(c>0x1f&&c<0x7f){
sb.append(c);
}else {
appendHexJavaScriptRepresentation(sb,c);
}

Time : 20/02/27 18:24
----------------------------------------

----------------------------------------
----------------------------------------
Similar code block : 3.0 : [/home/florian/reproduce//closure/closure_73_buggy/src/com/google/javascript/jscomp/CodeGenerator.java=>0,0]
if(c>0x1f&&c<0x7f){
sb.append(c);
}else {
appendHexJavaScriptRepresentation(sb,c);
}

Time : 20/02/27 18:25
----------------------------------------

----------------------------------------
----------------------------------------
Original source code : [/home/florian/reproduce//closure/closure_73_buggy/src/com/google/javascript/jscomp/CodeGenerator.java=>1045,1052]
if(c>0x1f&&c<=0x7f){
sb.append(c);
}else {
appendHexJavaScriptRepresentation(sb,c);
}

Time : 20/02/27 18:25
----------------------------------------

----------------------------------------
----------------------------------------
Find a patch : [/home/florian/reproduce//closure/closure_73_buggy/src/com/google/javascript/jscomp/CodeGenerator.java=>1045,1052]
if(c>0x1f&&c<0x7f){
sb.append(c);
}else {
appendHexJavaScriptRepresentation(sb,c);
}

Time : 20/02/27 18:25
----------------------------------------
Success time : 20/02/27 18:25
