=================================================
Project : math_35	start : 20/02/28 18:07
Current failed test : org.apache.commons.math3.genetics.ElitisticListPopulationTest::testChromosomeListConstructorTooHigh | 20/02/28 18:07
Fri Feb 28 18:07:42 CET 2020 Fri Feb 28 18:07:42 CET 2020 : org.apache.commons.math3.genetics.ListPopulation,50=>Find no block
Fri Feb 28 18:07:42 CET 2020 org.apache.commons.math3.genetics.ListPopulation,51
Fri Feb 28 18:08:02 CET 2020 org.apache.commons.math3.genetics.ListPopulation,55
Fri Feb 28 18:08:12 CET 2020 org.apache.commons.math3.genetics.ListPopulation,59
Fri Feb 28 18:08:30 CET 2020 org.apache.commons.math3.genetics.ListPopulation,60
Fri Feb 28 18:08:30 CET 2020 Fri Feb 28 18:08:30 CET 2020 : org.apache.commons.math3.genetics.ListPopulation,61=>Find no block
Fri Feb 28 18:08:30 CET 2020 org.apache.commons.math3.genetics.ElitisticListPopulation,50

----------------------------------------
----------------------------------------
Pass Single Test : [=>0,0]
super(chromosomes,populationLimit);
if(elitismRate<0||elitismRate>1){
throw new OutOfRangeException(LocalizedFormats.ELITISM_RATE,elitismRate,0,1);
}
this.elitismRate=elitismRate;

Time : 20/02/28 18:08
----------------------------------------

----------------------------------------
----------------------------------------
Similar code block : 1.1195324975698817 : [/home/florian/reproduce//math/math_35_buggy/src/main/java/org/apache/commons/math3/genetics/ElitisticListPopulation.java=>0,0]
if(elitismRate<0||elitismRate>1){
throw new OutOfRangeException(LocalizedFormats.ELITISM_RATE,elitismRate,0,1);
}
this.elitismRate=elitismRate;

Time : 20/02/28 18:09
----------------------------------------

----------------------------------------
----------------------------------------
Original source code : [/home/florian/reproduce//math/math_35_buggy/src/main/java/org/apache/commons/math3/genetics/ElitisticListPopulation.java=>50,51]
super(chromosomes,populationLimit);
this.elitismRate=elitismRate;

Time : 20/02/28 18:09
----------------------------------------

----------------------------------------
----------------------------------------
Find a patch : [/home/florian/reproduce//math/math_35_buggy/src/main/java/org/apache/commons/math3/genetics/ElitisticListPopulation.java=>50,51]
super(chromosomes,populationLimit);
if(elitismRate<0||elitismRate>1){
throw new OutOfRangeException(LocalizedFormats.ELITISM_RATE,elitismRate,0,1);
}
this.elitismRate=elitismRate;

Time : 20/02/28 18:09
----------------------------------------
Success time : 20/02/28 18:09
Current failed test : org.apache.commons.math3.genetics.ElitisticListPopulationTest::testConstructorTooHigh | 20/02/28 18:09
Fri Feb 28 18:09:40 CET 2020 Fri Feb 28 18:09:40 CET 2020 : org.apache.commons.math3.genetics.ListPopulation,69=>Find no block
Fri Feb 28 18:09:40 CET 2020 org.apache.commons.math3.genetics.ListPopulation,70
Fri Feb 28 18:09:50 CET 2020 org.apache.commons.math3.genetics.ListPopulation,73
Fri Feb 28 18:10:07 CET 2020 org.apache.commons.math3.genetics.ListPopulation,74
Fri Feb 28 18:10:07 CET 2020 Fri Feb 28 18:10:07 CET 2020 : org.apache.commons.math3.genetics.ListPopulation,75=>Find no block
Fri Feb 28 18:10:07 CET 2020 Fri Feb 28 18:10:07 CET 2020 : org.apache.commons.math3.genetics.ElitisticListPopulation,36=>Find no block
Fri Feb 28 18:10:07 CET 2020 org.apache.commons.math3.genetics.ElitisticListPopulation,64

----------------------------------------
----------------------------------------
Pass Single Test : [=>0,0]
super(populationLimit);
if(elitismRate<0||elitismRate>1){
throw new OutOfRangeException(LocalizedFormats.ELITISM_RATE,elitismRate,0,1);
}
this.elitismRate=elitismRate;

Time : 20/02/28 18:10
----------------------------------------

----------------------------------------
----------------------------------------
Similar code block : 1.1673083711820307 : [/home/florian/reproduce//math/math_35_buggy/src/main/java/org/apache/commons/math3/genetics/ElitisticListPopulation.java=>0,0]
if(elitismRate<0||elitismRate>1){
throw new OutOfRangeException(LocalizedFormats.ELITISM_RATE,elitismRate,0,1);
}
this.elitismRate=elitismRate;

Time : 20/02/28 18:10
----------------------------------------

----------------------------------------
----------------------------------------
Original source code : [/home/florian/reproduce//math/math_35_buggy/src/main/java/org/apache/commons/math3/genetics/ElitisticListPopulation.java=>64,65]
super(populationLimit);
this.elitismRate=elitismRate;

Time : 20/02/28 18:10
----------------------------------------

----------------------------------------
----------------------------------------
Find a patch : [/home/florian/reproduce//math/math_35_buggy/src/main/java/org/apache/commons/math3/genetics/ElitisticListPopulation.java=>64,65]
super(populationLimit);
if(elitismRate<0||elitismRate>1){
throw new OutOfRangeException(LocalizedFormats.ELITISM_RATE,elitismRate,0,1);
}
this.elitismRate=elitismRate;

Time : 20/02/28 18:10
----------------------------------------
Success time : 20/02/28 18:10
Current failed test : org.apache.commons.math3.genetics.ElitisticListPopulationTest::testChromosomeListConstructorTooLow | 20/02/28 18:10
Already fixed : org.apache.commons.math3.genetics.ElitisticListPopulationTest::testChromosomeListConstructorTooLow
Current failed test : org.apache.commons.math3.genetics.ElitisticListPopulationTest::testConstructorTooLow | 20/02/28 18:10
Already fixed : org.apache.commons.math3.genetics.ElitisticListPopulationTest::testConstructorTooLow
