=================================================
Project : math_63	start : 20/02/28 19:57
Current failed test : org.apache.commons.math.util.MathUtilsTest::testArrayEquals | 20/02/28 19:57
Fri Feb 28 19:58:22 CET 2020 org.apache.commons.math.util.MathUtils,417

----------------------------------------
----------------------------------------
Pass Single Test : [=>0,0]
return equals(x,y,1)||FastMath.abs(y-x)<=SAFE_MIN;

Time : 20/02/28 19:58
----------------------------------------

----------------------------------------
----------------------------------------
Similar code block : 1.808976301345361 : [/home/florian/reproduce//math/math_63_buggy/src/main/java/org/apache/commons/math/util/MathUtils.java=>0,0]
return equals(x,y,1)||FastMath.abs(y-x)<=eps;

Time : 20/02/28 19:59
----------------------------------------

----------------------------------------
----------------------------------------
Original source code : [/home/florian/reproduce//math/math_63_buggy/src/main/java/org/apache/commons/math/util/MathUtils.java=>417,417]
return (Double.isNaN(x)&&Double.isNaN(y))||x==y;

Time : 20/02/28 19:59
----------------------------------------

----------------------------------------
----------------------------------------
Find a patch : [/home/florian/reproduce//math/math_63_buggy/src/main/java/org/apache/commons/math/util/MathUtils.java=>417,417]
return equals(x,y,1)||FastMath.abs(y-x)<=SAFE_MIN;

Time : 20/02/28 19:59
----------------------------------------
Success time : 20/02/28 19:59
