=================================================
Project : math_70	start : 20/02/28 18:10
Current failed test : org.apache.commons.math.analysis.solvers.BisectionSolverTest::testMath369 | 20/02/28 18:10
Fri Feb 28 18:11:08 CET 2020 org.apache.commons.math.analysis.solvers.BisectionSolver,72

----------------------------------------
----------------------------------------
Pass Single Test : [=>0,0]
return solve(f,min,max);

Time : 20/02/28 18:11
----------------------------------------

----------------------------------------
----------------------------------------
Similar code block : 2.7847319278346623 : [/home/florian/reproduce//math/math_70_buggy/src/main/java/org/apache/commons/math/analysis/solvers/BisectionSolver.java=>0,0]
return solve(f,min,max);

Time : 20/02/28 18:11
----------------------------------------

----------------------------------------
----------------------------------------
Original source code : [/home/florian/reproduce//math/math_70_buggy/src/main/java/org/apache/commons/math/analysis/solvers/BisectionSolver.java=>72,72]
return solve(min,max);

Time : 20/02/28 18:11
----------------------------------------

----------------------------------------
----------------------------------------
Find a patch : [/home/florian/reproduce//math/math_70_buggy/src/main/java/org/apache/commons/math/analysis/solvers/BisectionSolver.java=>72,72]
return solve(f,min,max);

Time : 20/02/28 18:11
----------------------------------------
Success time : 20/02/28 18:11
