=================================================
Project : math_75	start : 20/02/28 19:46
Current failed test : org.apache.commons.math.stat.FrequencyTest::testPcts | 20/02/28 19:46
Fri Feb 28 19:46:53 CET 2020 org.apache.commons.math.stat.Frequency,303

----------------------------------------
----------------------------------------
Pass Single Test : [=>0,0]
return getPct((Comparable<?>)v);

Time : 20/02/28 19:47
----------------------------------------

----------------------------------------
----------------------------------------
Similar code block : 1.9622504486493764 : [/home/florian/reproduce//math/math_75_buggy/src/main/java/org/apache/commons/math/stat/Frequency.java=>0,0]
return getPct(Long.valueOf(v));

Time : 20/02/28 19:47
----------------------------------------

----------------------------------------
----------------------------------------
Original source code : [/home/florian/reproduce//math/math_75_buggy/src/main/java/org/apache/commons/math/stat/Frequency.java=>303,303]
return getCumPct((Comparable<?>)v);

Time : 20/02/28 19:47
----------------------------------------

----------------------------------------
----------------------------------------
Find a patch : [/home/florian/reproduce//math/math_75_buggy/src/main/java/org/apache/commons/math/stat/Frequency.java=>303,303]
return getPct((Comparable<?>)v);

Time : 20/02/28 19:47
----------------------------------------
Success time : 20/02/28 19:47
