=================================================
Project : chart_20	start : 20/02/27 16:51
Current failed test : org.jfree.chart.plot.junit.ValueMarkerTests::test1808376 | 20/02/27 16:51
Thu Feb 27 16:51:29 CET 2020 org.jfree.chart.plot.Marker,265
Thu Feb 27 16:51:30 CET 2020 org.jfree.chart.plot.Marker,238
Thu Feb 27 16:51:31 CET 2020 org.jfree.chart.plot.Marker,211
Thu Feb 27 16:51:33 CET 2020 org.jfree.chart.plot.ValueMarker,107
Thu Feb 27 16:51:43 CET 2020 org.jfree.chart.plot.ValueMarker,95

----------------------------------------
----------------------------------------
Pass Single Test : [=>0,0]
super(paint,stroke,outlinePaint,outlineStroke,alpha);
this.value=value;

Time : 20/02/27 16:51
----------------------------------------

----------------------------------------
----------------------------------------
Similar code block : 2.36278376661655 : [/home/florian/reproduce//chart/chart_20_buggy/source/org/jfree/chart/plot/ValueMarker.java=>0,0]
super(paint,stroke,outlinePaint,outlineStroke,alpha);
this.key=key;
setLabelOffsetType(LengthAdjustmentType.EXPAND);

Time : 20/02/27 16:52
----------------------------------------

----------------------------------------
----------------------------------------
Original source code : [/home/florian/reproduce//chart/chart_20_buggy/source/org/jfree/chart/plot/ValueMarker.java=>95,96]
super(paint,stroke,paint,stroke,alpha);
this.value=value;

Time : 20/02/27 16:52
----------------------------------------

----------------------------------------
----------------------------------------
Find a patch : [/home/florian/reproduce//chart/chart_20_buggy/source/org/jfree/chart/plot/ValueMarker.java=>95,96]
super(paint,stroke,outlinePaint,outlineStroke,alpha);
this.value=value;

Time : 20/02/27 16:52
----------------------------------------
Success time : 20/02/27 16:52
