=================================================
Project : lang_27	start : 20/02/29 12:52
Current failed test : org.apache.commons.lang3.math.NumberUtilsTest::testCreateNumber_purify_25 | 20/02/29 12:53
Sat Feb 29 12:53:33 CET 2020 org.apache.commons.lang3.math.NumberUtils,489

----------------------------------------
----------------------------------------
Pass Single Test : [=>0,0]
if(expPos>-1&&expPos<str.length()-1){
mant=str.substring(0,expPos);
}else {
mant=str;
}

Time : 20/02/29 12:53
----------------------------------------

----------------------------------------
----------------------------------------
Similar code block : 2.0297619047619047 : [/home/florian/reproduce//lang/lang_27_buggy/src/main/java/org/apache/commons/lang3/math/NumberUtils.java=>0,0]
if(expPos>-1&&expPos<str.length()-1){
exp=str.substring(expPos+1,str.length());
}else {
exp=null;
}

Time : 20/02/29 12:54
----------------------------------------

----------------------------------------
----------------------------------------
Original source code : [/home/florian/reproduce//lang/lang_27_buggy/src/main/java/org/apache/commons/lang3/math/NumberUtils.java=>488,492]
if(expPos>-1){
mant=str.substring(0,expPos);
}else {
mant=str;
}

Time : 20/02/29 12:54
----------------------------------------

----------------------------------------
----------------------------------------
Find a patch : [/home/florian/reproduce//lang/lang_27_buggy/src/main/java/org/apache/commons/lang3/math/NumberUtils.java=>488,492]
if(expPos>-1&&expPos<str.length()-1){
mant=str.substring(0,expPos);
}else {
mant=str;
}

Time : 20/02/29 12:54
----------------------------------------
Success time : 20/02/29 12:54
