=================================================
Project : lang_39	start : 20/02/28 10:04
Current failed test : org.apache.commons.lang3.StringUtilsTest::testReplace_StringStringArrayStringArray | 20/02/28 10:04
Fri Feb 28 10:05:11 CET 2020 org.apache.commons.lang3.StringUtils,3502
Fri Feb 28 10:05:22 CET 2020 org.apache.commons.lang3.StringUtils,3648
Fri Feb 28 10:06:27 CET 2020 org.apache.commons.lang3.StringUtils,3727
Fri Feb 28 10:06:28 CET 2020 org.apache.commons.lang3.StringUtils,3612
Fri Feb 28 10:08:37 CET 2020 org.apache.commons.lang3.StringUtils,3615
Fri Feb 28 10:08:37 CET 2020 org.apache.commons.lang3.StringUtils,3619
Fri Feb 28 10:08:37 CET 2020 org.apache.commons.lang3.StringUtils,3623
Fri Feb 28 10:12:59 CET 2020 org.apache.commons.lang3.StringUtils,3624
Fri Feb 28 10:19:29 CET 2020 org.apache.commons.lang3.StringUtils,3627
Fri Feb 28 10:19:46 CET 2020 org.apache.commons.lang3.StringUtils,3635
Fri Feb 28 10:20:28 CET 2020 org.apache.commons.lang3.StringUtils,3638
Fri Feb 28 10:20:28 CET 2020 org.apache.commons.lang3.StringUtils,3639
Fri Feb 28 10:20:29 CET 2020 org.apache.commons.lang3.StringUtils,3640
Fri Feb 28 10:20:29 CET 2020 org.apache.commons.lang3.StringUtils,3644
Fri Feb 28 10:27:23 CET 2020 org.apache.commons.lang3.StringUtils,3645
Fri Feb 28 10:27:23 CET 2020 org.apache.commons.lang3.StringUtils,3650
Fri Feb 28 10:39:00 CET 2020 org.apache.commons.lang3.StringUtils,3653
Fri Feb 28 10:39:00 CET 2020 org.apache.commons.lang3.StringUtils,3654
Fri Feb 28 10:39:00 CET 2020 org.apache.commons.lang3.StringUtils,3656
Fri Feb 28 10:39:00 CET 2020 org.apache.commons.lang3.StringUtils,3657
Fri Feb 28 10:39:00 CET 2020 org.apache.commons.lang3.StringUtils,3658
Fri Feb 28 10:39:00 CET 2020 org.apache.commons.lang3.StringUtils,3665
Fri Feb 28 10:39:09 CET 2020 org.apache.commons.lang3.StringUtils,3666
Fri Feb 28 10:39:09 CET 2020 org.apache.commons.lang3.StringUtils,3669
Fri Feb 28 10:40:23 CET 2020 org.apache.commons.lang3.StringUtils,3672

----------------------------------------
----------------------------------------
Pass Single Test : [=>0,0]
for(int i=0;i<searchList.length;i++){
if(noMoreMatchesForReplIndex[i]||searchList[i]==null||searchList[i].length()==0||replacementList[i]==null){
continue;
}
int greater=replacementList[i].length()-searchList[i].length();
if(greater>0){
increase+=3*greater;
}
}

Time : 20/02/28 10:40
----------------------------------------

----------------------------------------
----------------------------------------
Similar code block : 2.3414815116080265 : [/home/florian/reproduce//lang/lang_39_buggy/src/java/org/apache/commons/lang3/StringUtils.java=>0,0]
for(int i=0;i<searchLength;i++){
if(noMoreMatchesForReplIndex[i]||searchList[i]==null||searchList[i].length()==0||replacementList[i]==null){
continue;
}
tempIndex=text.indexOf(searchList[i]);
if(tempIndex==-1){
noMoreMatchesForReplIndex[i]=true;
}else {
if(textIndex==-1||tempIndex<textIndex){
textIndex=tempIndex;
replaceIndex=i;
}
}
}

Time : 20/02/28 10:40
----------------------------------------

----------------------------------------
----------------------------------------
Original source code : [/home/florian/reproduce//lang/lang_39_buggy/src/java/org/apache/commons/lang3/StringUtils.java=>3675,3680]
for(int i=0;i<searchList.length;i++){
int greater=replacementList[i].length()-searchList[i].length();
if(greater>0){
increase+=3*greater;
}
}

Time : 20/02/28 10:40
----------------------------------------

----------------------------------------
----------------------------------------
Find a patch : [/home/florian/reproduce//lang/lang_39_buggy/src/java/org/apache/commons/lang3/StringUtils.java=>3675,3680]
for(int i=0;i<searchList.length;i++){
if(noMoreMatchesForReplIndex[i]||searchList[i]==null||searchList[i].length()==0||replacementList[i]==null){
continue;
}
int greater=replacementList[i].length()-searchList[i].length();
if(greater>0){
increase+=3*greater;
}
}

Time : 20/02/28 10:40
----------------------------------------
Success time : 20/02/28 10:40
