=================================================
Project : lang_41	start : 20/02/28 10:45
Current failed test : org.apache.commons.lang.ClassUtilsTest::test_getShortClassName_Class_purify_4 | 20/02/28 10:45
Fri Feb 28 10:45:51 CET 2020 org.apache.commons.lang.ClassUtils,172

----------------------------------------
----------------------------------------
Pass Single Test : [=>0,0]
if(cls==null){
return StringUtils.EMPTY;
}
return getShortCanonicalName(cls.getName());

Time : 20/02/28 10:46
----------------------------------------

----------------------------------------
----------------------------------------
Similar code block : 2.5 : [/home/florian/reproduce//lang/lang_41_buggy/src/java/org/apache/commons/lang/ClassUtils.java=>0,0]
if(cls==null){
return StringUtils.EMPTY;
}
return getShortCanonicalName(cls.getName());

Time : 20/02/28 10:46
----------------------------------------

----------------------------------------
----------------------------------------
Original source code : [/home/florian/reproduce//lang/lang_41_buggy/src/java/org/apache/commons/lang/ClassUtils.java=>169,172]
if(cls==null){
return StringUtils.EMPTY;
}
return getShortClassName(cls.getName());

Time : 20/02/28 10:46
----------------------------------------

----------------------------------------
----------------------------------------
Find a patch : [/home/florian/reproduce//lang/lang_41_buggy/src/java/org/apache/commons/lang/ClassUtils.java=>169,172]
if(cls==null){
return StringUtils.EMPTY;
}
return getShortCanonicalName(cls.getName());

Time : 20/02/28 10:46
----------------------------------------
Success time : 20/02/28 10:46
Current failed test : org.apache.commons.lang.ClassUtilsTest::test_getShortClassName_Class_purify_5 | 20/02/28 10:46
Already fixed : org.apache.commons.lang.ClassUtilsTest::test_getShortClassName_Class_purify_5
Current failed test : org.apache.commons.lang.ClassUtilsTest::test_getShortClassName_Class_purify_14 | 20/02/28 10:46
Already fixed : org.apache.commons.lang.ClassUtilsTest::test_getShortClassName_Class_purify_14
Current failed test : org.apache.commons.lang.ClassUtilsTest::test_getShortClassName_Class_purify_15 | 20/02/28 10:46
Already fixed : org.apache.commons.lang.ClassUtilsTest::test_getShortClassName_Class_purify_15
Current failed test : org.apache.commons.lang.ClassUtilsTest::test_getShortClassName_Class_purify_16 | 20/02/28 10:46
Already fixed : org.apache.commons.lang.ClassUtilsTest::test_getShortClassName_Class_purify_16
Current failed test : org.apache.commons.lang.ClassUtilsTest::test_getShortClassName_Class_purify_17 | 20/02/28 10:46
Already fixed : org.apache.commons.lang.ClassUtilsTest::test_getShortClassName_Class_purify_17
Current failed test : org.apache.commons.lang.ClassUtilsTest::test_getShortClassName_Class_purify_18 | 20/02/28 10:46
Already fixed : org.apache.commons.lang.ClassUtilsTest::test_getShortClassName_Class_purify_18
Current failed test : org.apache.commons.lang.ClassUtilsTest::test_getShortClassName_Class_purify_19 | 20/02/28 10:46
Already fixed : org.apache.commons.lang.ClassUtilsTest::test_getShortClassName_Class_purify_19
Current failed test : org.apache.commons.lang.ClassUtilsTest::test_getShortClassName_Class_purify_20 | 20/02/28 10:46
Already fixed : org.apache.commons.lang.ClassUtilsTest::test_getShortClassName_Class_purify_20
Current failed test : org.apache.commons.lang.ClassUtilsTest::test_getShortClassName_Class_purify_21 | 20/02/28 10:46
Already fixed : org.apache.commons.lang.ClassUtilsTest::test_getShortClassName_Class_purify_21
Current failed test : org.apache.commons.lang.ClassUtilsTest::test_getShortClassName_Class_purify_22 | 20/02/28 10:46
Already fixed : org.apache.commons.lang.ClassUtilsTest::test_getShortClassName_Class_purify_22
Current failed test : org.apache.commons.lang.ClassUtilsTest::test_getShortClassName_Class_purify_23 | 20/02/28 10:46
Already fixed : org.apache.commons.lang.ClassUtilsTest::test_getShortClassName_Class_purify_23
Current failed test : org.apache.commons.lang.ClassUtilsTest::test_getShortClassName_Class_purify_24 | 20/02/28 10:46
Already fixed : org.apache.commons.lang.ClassUtilsTest::test_getShortClassName_Class_purify_24
Current failed test : org.apache.commons.lang.ClassUtilsTest::test_getPackageName_Class_purify_4 | 20/02/28 10:46
Fri Feb 28 10:46:33 CET 2020 org.apache.commons.lang.ClassUtils,256
Fri Feb 28 10:49:44 CET 2020 org.apache.commons.lang.ClassUtils,232

----------------------------------------
----------------------------------------
Pass Single Test : [=>0,0]
if(cls==null){
return StringUtils.EMPTY;
}
return getPackageCanonicalName(cls.getName());

Time : 20/02/28 10:49
----------------------------------------

----------------------------------------
----------------------------------------
Similar code block : 2.5 : [/home/florian/reproduce//lang/lang_41_buggy/src/java/org/apache/commons/lang/ClassUtils.java=>0,0]
if(cls==null){
return StringUtils.EMPTY;
}
return getPackageCanonicalName(cls.getName());

Time : 20/02/28 10:50
----------------------------------------

----------------------------------------
----------------------------------------
Original source code : [/home/florian/reproduce//lang/lang_41_buggy/src/java/org/apache/commons/lang/ClassUtils.java=>229,232]
if(cls==null){
return StringUtils.EMPTY;
}
return getPackageName(cls.getName());

Time : 20/02/28 10:50
----------------------------------------

----------------------------------------
----------------------------------------
Find a patch : [/home/florian/reproduce//lang/lang_41_buggy/src/java/org/apache/commons/lang/ClassUtils.java=>229,232]
if(cls==null){
return StringUtils.EMPTY;
}
return getPackageCanonicalName(cls.getName());

Time : 20/02/28 10:50
----------------------------------------
Success time : 20/02/28 10:50
Current failed test : org.apache.commons.lang.ClassUtilsTest::test_getPackageName_Class_purify_13 | 20/02/28 10:50
Already fixed : org.apache.commons.lang.ClassUtilsTest::test_getPackageName_Class_purify_13
Current failed test : org.apache.commons.lang.ClassUtilsTest::test_getPackageName_Class_purify_14 | 20/02/28 10:50
Already fixed : org.apache.commons.lang.ClassUtilsTest::test_getPackageName_Class_purify_14
Current failed test : org.apache.commons.lang.ClassUtilsTest::test_getPackageName_Class_purify_15 | 20/02/28 10:50
Already fixed : org.apache.commons.lang.ClassUtilsTest::test_getPackageName_Class_purify_15
