=================================================
Project : lang_60	start : 20/02/28 10:50
Current failed test : org.apache.commons.lang.text.StrBuilderTest::testLang295_purify_1 | 20/02/28 10:50
Fri Feb 28 10:50:20 CET 2020 org.apache.commons.lang.text.StrBuilder,1672

----------------------------------------
----------------------------------------
Pass Single Test : [=>0,0]
if(thisBuf[i]==ch){
return false;
}

Time : 20/02/28 10:50
----------------------------------------

----------------------------------------
----------------------------------------
Pass Single Test : [=>0,0]
if(thisBuf[i]!=ch){
return false;
}

Time : 20/02/28 10:50
----------------------------------------

----------------------------------------
----------------------------------------
Pass Single Test : [=>0,0]
if(thisBuf[i]==buffer[i]){
return false;
}

Time : 20/02/28 10:50
----------------------------------------

----------------------------------------
----------------------------------------
Pass Single Test : [=>0,0]
if(thisBuf[i]!=buffer[i]){
return true;
}

Time : 20/02/28 10:51
----------------------------------------

----------------------------------------
----------------------------------------
Pass Single Test : [=>0,0]
if(thisBuf[i]!=buffer[i]){
return false;
}

Time : 20/02/28 10:51
----------------------------------------

----------------------------------------
----------------------------------------
Pass Single Test : [=>0,0]
if(thisBuf[i]==i){
return true;
}

Time : 20/02/28 10:51
----------------------------------------

----------------------------------------
----------------------------------------
Pass Single Test : [=>0,0]
ch=thisBuf[i];
if(thisBuf[i]==i){
return true;
}

Time : 20/02/28 10:51
----------------------------------------

----------------------------------------
----------------------------------------
Pass Single Test : [=>0,0]
if(ch=='\\'){
return true;
}

Time : 20/02/28 10:52
----------------------------------------

----------------------------------------
----------------------------------------
Pass Single Test : [=>0,0]
if(thisBuf[i]=='\\'){
return true;
}

Time : 20/02/28 10:52
----------------------------------------

----------------------------------------
----------------------------------------
Pass Single Test : [=>0,0]
if(thisBuf[i]=='0'){
return true;
}

Time : 20/02/28 10:52
----------------------------------------

----------------------------------------
----------------------------------------
Pass Single Test : [=>0,0]
if(thisBuf[i]=='0'){
return false;
}

Time : 20/02/28 10:53
----------------------------------------

----------------------------------------
----------------------------------------
Pass Single Test : [=>0,0]
if(thisBuf[i]!='0'){
return false;
}

Time : 20/02/28 10:53
----------------------------------------

----------------------------------------
----------------------------------------
Pass Single Test : [=>0,0]
if(ch=='Y'){
return true;
}

Time : 20/02/28 10:53
----------------------------------------

----------------------------------------
----------------------------------------
Pass Single Test : [=>0,0]
if(thisBuf[i]=='Y'){
return true;
}

Time : 20/02/28 10:54
----------------------------------------

----------------------------------------
----------------------------------------
Pass Single Test : [=>0,0]
if(ch=='T'){
return true;
}

Time : 20/02/28 10:54
----------------------------------------

----------------------------------------
----------------------------------------
Pass Single Test : [=>0,0]
if(thisBuf[i]=='T'){
return true;
}

Time : 20/02/28 10:54
----------------------------------------

----------------------------------------
----------------------------------------
Pass Single Test : [=>0,0]
if(ch=='y'){
return true;
}

Time : 20/02/28 10:54
----------------------------------------

----------------------------------------
----------------------------------------
Pass Single Test : [=>0,0]
if(thisBuf[i]=='y'){
return true;
}

Time : 20/02/28 10:55
----------------------------------------

----------------------------------------
----------------------------------------
Pass Single Test : [=>0,0]
if(ch=='t'){
return true;
}

Time : 20/02/28 10:55
----------------------------------------

----------------------------------------
----------------------------------------
Pass Single Test : [=>0,0]
for(int i=0;i<thisBuf.length;i++){
if(thisBuf[i]==ch){
return false;
}
}

Time : 20/02/28 10:55
----------------------------------------

----------------------------------------
----------------------------------------
Pass Single Test : [=>0,0]
for(int i=CAPACITY;i<thisBuf.length;i++){
if(thisBuf[i]==ch){
return true;
}
}

Time : 20/02/28 10:55
----------------------------------------

----------------------------------------
----------------------------------------
Pass Single Test : [=>0,0]
for(int i=CAPACITY;i<thisBuf.length;i++){
if(buffer[i]==ch){
return true;
}
}

Time : 20/02/28 10:56
----------------------------------------

----------------------------------------
----------------------------------------
Pass Single Test : [=>0,0]
for(int i=0;i<thisBuf.length;i++){
if(thisBuf[i]!=ch){
return false;
}
}

Time : 20/02/28 10:56
----------------------------------------

----------------------------------------
----------------------------------------
Pass Single Test : [=>0,0]
for(int i=0;i<thisBuf.length;i++){
if(thisBuf[i]==buffer[i]){
return false;
}
}

Time : 20/02/28 10:56
----------------------------------------

----------------------------------------
----------------------------------------
Pass Single Test : [=>0,0]
for(int i=0;i<thisBuf.length;i++){
if(thisBuf[i]!=buffer[i]){
return true;
}
}

Time : 20/02/28 10:56
----------------------------------------

----------------------------------------
----------------------------------------
Pass Single Test : [=>0,0]
for(int i=0;i<thisBuf.length;i++){
if(thisBuf[i]!=buffer[i]){
return false;
}
}

Time : 20/02/28 10:57
----------------------------------------

----------------------------------------
----------------------------------------
Pass Single Test : [=>0,0]
for(int i=0;i<size;i++){
if(thisBuf[i]==ch){
return true;
}
}

Time : 20/02/28 10:57
----------------------------------------

----------------------------------------
----------------------------------------
Similar code block : 1.6115366026174462 : [/home/florian/reproduce//lang/lang_60_buggy/src/java/org/apache/commons/lang/text/StrBuilder.java=>0,0]
for(int i=0;i<size;i++){
if(buffer[i]==ch){
deleteImpl(i,i+1,1);
break;
}
}

Time : 20/02/28 10:57
----------------------------------------

----------------------------------------
----------------------------------------
Original source code : [/home/florian/reproduce//lang/lang_60_buggy/src/java/org/apache/commons/lang/text/StrBuilder.java=>1673,1677]
for(int i=0;i<thisBuf.length;i++){
if(thisBuf[i]==ch){
return true;
}
}

Time : 20/02/28 10:57
----------------------------------------

----------------------------------------
----------------------------------------
Find a patch : [/home/florian/reproduce//lang/lang_60_buggy/src/java/org/apache/commons/lang/text/StrBuilder.java=>1673,1677]
for(int i=0;i<size;i++){
if(thisBuf[i]==ch){
return true;
}
}

Time : 20/02/28 10:57
----------------------------------------
Success time : 20/02/28 10:57
Current failed test : org.apache.commons.lang.text.StrBuilderTest::testLang295_purify_2 | 20/02/28 10:57
Fri Feb 28 10:57:47 CET 2020 org.apache.commons.lang.text.StrBuilder,1714

----------------------------------------
----------------------------------------
Pass Single Test : [=>0,0]
return indexOf(newLine,0);

Time : 20/02/28 10:57
----------------------------------------

----------------------------------------
----------------------------------------
Pass Single Test : [=>0,0]
return lastIndexOf(ch,size-1);

Time : 20/02/28 10:58
----------------------------------------

----------------------------------------
----------------------------------------
Pass Single Test : [=>0,0]
return lastIndexOf(ch,0);

Time : 20/02/28 10:58
----------------------------------------
Fri Feb 28 10:58:31 CET 2020 org.apache.commons.lang.text.StrBuilder,1202

----------------------------------------
----------------------------------------
Pass Single Test : [=>0,0]
if(len>0){
size+=len;
int index=indexOf(str,0);
if(index>=0){
deleteImpl(index,index+len,len);
}
}

Time : 20/02/28 11:00
----------------------------------------

----------------------------------------
----------------------------------------
Pass Single Test : [=>0,0]
if(str==null){
return appendNull();
}
if(len>0){
size+=len;
int index=indexOf(str,0);
if(index>=0){
deleteImpl(index,index+len,len);
}
}

Time : 20/02/28 11:00
----------------------------------------
Fri Feb 28 11:05:15 CET 2020 org.apache.commons.lang.text.StrBuilder,1203
Fri Feb 28 11:05:15 CET 2020 org.apache.commons.lang.text.StrBuilder,1204
Fri Feb 28 11:05:15 CET 2020 org.apache.commons.lang.text.StrBuilder,1205
Fri Feb 28 11:05:15 CET 2020 org.apache.commons.lang.text.StrBuilder,1206
Fri Feb 28 11:05:15 CET 2020 org.apache.commons.lang.text.StrBuilder,1209
Fri Feb 28 11:05:15 CET 2020 org.apache.commons.lang.text.StrBuilder,1725

----------------------------------------
----------------------------------------
Pass Single Test : [=>0,0]
if(newLine==null||startIndex>=size){
return -1;
}

Time : 20/02/28 11:05
----------------------------------------

----------------------------------------
----------------------------------------
Pass Single Test : [=>0,0]
if(buffer.length>=size){
return -1;
}

Time : 20/02/28 11:06
----------------------------------------

----------------------------------------
----------------------------------------
Pass Single Test : [=>0,0]
if(buffer.length>size){
return -1;
}

Time : 20/02/28 11:06
----------------------------------------

----------------------------------------
----------------------------------------
Pass Single Test : [=>0,0]
if(CAPACITY>=size){
return -1;
}

Time : 20/02/28 11:06
----------------------------------------

----------------------------------------
----------------------------------------
Pass Single Test : [=>0,0]
if(thisBuf[startIndex]==ch){
return i;
}

Time : 20/02/28 11:07
----------------------------------------

----------------------------------------
----------------------------------------
Pass Single Test : [=>0,0]
if(thisBuf[i]!=buffer[i]){
return i;
}

Time : 20/02/28 11:07
----------------------------------------

----------------------------------------
----------------------------------------
Pass Single Test : [=>0,0]
if(thisBuf[i]==i){
return i;
}

Time : 20/02/28 11:07
----------------------------------------

----------------------------------------
----------------------------------------
Pass Single Test : [=>0,0]
ch=thisBuf[i];
if(thisBuf[i]==i){
return i;
}

Time : 20/02/28 11:08
----------------------------------------

----------------------------------------
----------------------------------------
Pass Single Test : [=>0,0]
if(thisBuf[i]=='0'){
return i;
}

Time : 20/02/28 11:08
----------------------------------------

----------------------------------------
----------------------------------------
Pass Single Test : [=>0,0]
if(ch=='\\'){
return i;
}

Time : 20/02/28 11:09
----------------------------------------

----------------------------------------
----------------------------------------
Pass Single Test : [=>0,0]
if(thisBuf[i]=='\\'){
return i;
}

Time : 20/02/28 11:09
----------------------------------------

----------------------------------------
----------------------------------------
Pass Single Test : [=>0,0]
for(int i=startIndex;i<thisBuf.length;i++){
if(thisBuf[i]!=buffer[i]){
return i;
}
}

Time : 20/02/28 11:10
----------------------------------------

----------------------------------------
----------------------------------------
Pass Single Test : [=>0,0]
for(int i=size;i<thisBuf.length;i++){
if(thisBuf[i]!=buffer[i]){
return i;
}
}

Time : 20/02/28 11:10
----------------------------------------

----------------------------------------
----------------------------------------
Pass Single Test : [=>0,0]
for(int i=startIndex;i<size;i++){
if(thisBuf[i]==ch){
return i;
}
}

Time : 20/02/28 11:10
----------------------------------------

----------------------------------------
----------------------------------------
Similar code block : 1.6102087144668356 : [/home/florian/reproduce//lang/lang_60_buggy/src/java/org/apache/commons/lang/text/StrBuilder.java=>0,0]
for(int i=0;i<size;i++){
if(buffer[i]==ch){
deleteImpl(i,i+1,1);
break;
}
}

Time : 20/02/28 11:10
----------------------------------------

----------------------------------------
----------------------------------------
Original source code : [/home/florian/reproduce//lang/lang_60_buggy/src/java/org/apache/commons/lang/text/StrBuilder.java=>1730,1734]
for(int i=startIndex;i<thisBuf.length;i++){
if(thisBuf[i]==ch){
return i;
}
}

Time : 20/02/28 11:10
----------------------------------------

----------------------------------------
----------------------------------------
Find a patch : [/home/florian/reproduce//lang/lang_60_buggy/src/java/org/apache/commons/lang/text/StrBuilder.java=>1730,1734]
for(int i=startIndex;i<size;i++){
if(thisBuf[i]==ch){
return i;
}
}

Time : 20/02/28 11:10
----------------------------------------
Success time : 20/02/28 11:10
